0 info it worked if it ends with ok
1 verbose cli [ '/usr/bin/node', '/usr/bin/npm', 'install', 'tinySong-api' ]
2 info using npm@1.4.3
3 info using node@v0.10.26
4 verbose node symlink /usr/bin/node
5 verbose readDependencies using package.json deps
6 verbose cache add [ 'tinySong-api', null ]
7 verbose cache add name=undefined spec="tinySong-api" args=["tinySong-api",null]
8 verbose parsed url { protocol: null,
8 verbose parsed url   slashes: null,
8 verbose parsed url   auth: null,
8 verbose parsed url   host: null,
8 verbose parsed url   port: null,
8 verbose parsed url   hostname: null,
8 verbose parsed url   hash: null,
8 verbose parsed url   search: null,
8 verbose parsed url   query: null,
8 verbose parsed url   pathname: 'tinySong-api',
8 verbose parsed url   path: 'tinySong-api',
8 verbose parsed url   href: 'tinySong-api' }
9 silly lockFile c9f39253-tinySong-api tinySong-api
10 verbose lock tinySong-api /home/kreter/.npm/c9f39253-tinySong-api.lock
11 silly lockFile c9f39253-tinySong-api tinySong-api
12 silly lockFile c9f39253-tinySong-api tinySong-api
13 verbose addNamed [ 'tinySong-api', '' ]
14 verbose addNamed [ null, '*' ]
15 silly lockFile 6739222d-tinySong-api tinySong-api@
16 verbose lock tinySong-api@ /home/kreter/.npm/6739222d-tinySong-api.lock
17 silly addNameRange { name: 'tinySong-api', range: '*', hasData: false }
18 verbose url raw tinySong-api
19 verbose url resolving [ 'https://registry.npmjs.org/', './tinySong-api' ]
20 verbose url resolved https://registry.npmjs.org/tinySong-api
21 info trying registry request attempt 1 at 00:33:23
22 http GET https://registry.npmjs.org/tinySong-api
23 http 404 https://registry.npmjs.org/tinySong-api
24 silly registry.get cb [ 404,
24 silly registry.get   { date: 'Sun, 25 May 2014 05:33:25 GMT',
24 silly registry.get     server: 'CouchDB/1.5.0 (Erlang OTP/R14B04)',
24 silly registry.get     'content-type': 'application/json',
24 silly registry.get     via: '1.1 varnish',
24 silly registry.get     'cache-control': 'max-age=0',
24 silly registry.get     'content-length': '52',
24 silly registry.get     'accept-ranges': 'bytes',
24 silly registry.get     age: '0',
24 silly registry.get     'x-served-by': 'cache-v36-ASH, cache-d64-DAL',
24 silly registry.get     'x-cache': 'MISS, MISS',
24 silly registry.get     'x-cache-hits': '0, 0',
24 silly registry.get     'x-timer': 'S1400996005.459984,VS0,VE50',
24 silly registry.get     'keep-alive': 'timeout=10, max=50',
24 silly registry.get     connection: 'Keep-Alive' } ]
25 silly lockFile 6739222d-tinySong-api tinySong-api@
26 silly lockFile 6739222d-tinySong-api tinySong-api@
27 error 404 'tinySong-api' is not in the npm registry.
27 error 404 You should bug the author to publish it
27 error 404 It was specified as a dependency of 'application-name'
27 error 404
27 error 404 Note that you can also install from a
27 error 404 tarball, folder, or http url, or git url.
28 error System Linux 3.11.0-20-generic
29 error command "/usr/bin/node" "/usr/bin/npm" "install" "tinySong-api"
30 error cwd /home/kreter/work/webdev/MusicChoose
31 error node -v v0.10.26
32 error npm -v 1.4.3
33 error code E404
34 verbose exit [ 1, true ]
